<?xml version="1.0" encoding="UTF-8"?>
<!-- Generated by org.testng.reporters.JUnitReportReporter -->
<testsuite skipped="0" hostname="BLRKEC334480D" name="website.tests.EbayTest" tests="1" failures="0" timestamp="06 Aug 2018 13:27:29 GMT" time="14.086" errors="0">
  <testcase name="searchProduct" time="14.086" classname="website.tests.EbayTest"/>
</testsuite> <!-- website.tests.EbayTest -->
